#
# A fatal error has been detected by the Java Runtime Environment:
#
#  Internal Error (os_windows_x86.cpp:144), pid=13036, tid=0x00000000000005ec
#  guarantee(result == EXCEPTION_CONTINUE_EXECUTION) failed: Unexpected result from topLevelExceptionFilter
#
# JRE version: OpenJDK Runtime Environment (8.0_242-b01) (build 1.8.0_242-release-1644-b01)
# Java VM: OpenJDK 64-Bit Server VM (25.242-b01 mixed mode windows-amd64 compressed oops)
# Failed to write core dump. Minidumps are not enabled by default on client versions of Windows
#
# If you would like to submit a bug report, please visit:
#   
#

---------------  T H R E A D  ---------------

Current thread (0x000000001de67000):  JavaThread "Daemon worker Thread 3" [_thread_in_Java, id=1516, stack(0x000000001cf50000,0x000000001d050000)]

Stack: [0x000000001cf50000,0x000000001d050000]
[error occurred during error reporting (printing stack bounds), id 0xe0000000]

Native frames: (J=compiled Java code, j=interpreted, Vv=VM code, C=native code)


---------------  P R O C E S S  ---------------

Java Threads: ( => current thread )
  0x000000001e134000 JavaThread "Cache worker for execution history cache (C:\Users\vasil\AndroidStudioProjects\KHelper\.gradle\6.1.1\executionHistory)" [_thread_blocked, id=16944, stack(0x0000000026480000,0x0000000026580000)]
  0x000000001e132800 JavaThread "Execution worker for ':' Thread 5" [_thread_blocked, id=10100, stack(0x0000000025c50000,0x0000000025d50000)]
  0x000000001e12e000 JavaThread "Execution worker for ':' Thread 4" [_thread_blocked, id=14360, stack(0x0000000025850000,0x0000000025950000)]
  0x000000001e12f000 JavaThread "Execution worker for ':' Thread 3" [_thread_blocked, id=19724, stack(0x0000000025750000,0x0000000025850000)]
  0x000000001e126800 JavaThread "Execution worker for ':' Thread 2" [_thread_blocked, id=15784, stack(0x0000000024420000,0x0000000024520000)]
  0x000000001e125800 JavaThread "Execution worker for ':'" [_thread_blocked, id=244, stack(0x0000000024120000,0x0000000024220000)]
  0x000000001e12c800 JavaThread "Cache worker for file content cache (C:\Users\vasil\AndroidStudioProjects\KHelper\.gradle\6.1.1\fileContent)" [_thread_blocked, id=11044, stack(0x0000000023020000,0x0000000023120000)]
  0x000000001e12a000 JavaThread "Cache worker for Build Output Cleanup Cache (C:\Users\vasil\AndroidStudioProjects\KHelper\.gradle\buildOutputCleanup)" [_thread_blocked, id=14216, stack(0x0000000022920000,0x0000000022a20000)]
  0x000000001e129800 JavaThread "Build operations Thread 6" [_thread_blocked, id=19768, stack(0x0000000022820000,0x0000000022920000)]
  0x000000001e125000 JavaThread "Build operations Thread 5" [_thread_blocked, id=17524, stack(0x0000000022720000,0x0000000022820000)]
  0x000000001e128800 JavaThread "Build operations Thread 4" [_thread_blocked, id=16816, stack(0x0000000022620000,0x0000000022720000)]
  0x000000001e128000 JavaThread "Build operations Thread 3" [_thread_blocked, id=3968, stack(0x0000000022520000,0x0000000022620000)]
  0x000000001de6c000 JavaThread "Build operations Thread 2" [_thread_blocked, id=4512, stack(0x0000000022420000,0x0000000022520000)]
  0x000000001de6a000 JavaThread "Build operations" [_thread_blocked, id=1764, stack(0x0000000020650000,0x0000000020750000)]
  0x000000001de6e800 JavaThread "Cache worker for cache directory md-rule (C:\Users\vasil\.gradle\caches\6.1.1\md-rule)" [_thread_blocked, id=20164, stack(0x00000000200f0000,0x00000000201f0000)]
  0x000000001de6b800 JavaThread "Cache worker for cache directory md-supplier (C:\Users\vasil\.gradle\caches\6.1.1\md-supplier)" [_thread_blocked, id=16752, stack(0x000000001fff0000,0x00000000200f0000)]
  0x000000001de6d800 JavaThread "Cache worker for file hash cache (C:\Users\vasil\AndroidStudioProjects\KHelper\.gradle\6.1.1\fileHashes)" [_thread_blocked, id=6500, stack(0x000000001fef0000,0x000000001fff0000)]
  0x000000001de62800 JavaThread "Cache worker for checksums cache (C:\Users\vasil\AndroidStudioProjects\KHelper\.gradle\checksums)" [_thread_blocked, id=16104, stack(0x000000001d550000,0x000000001d650000)]
  0x000000001de69000 JavaThread "Thread-96" [_thread_blocked, id=13816, stack(0x000000001d450000,0x000000001d550000)]
  0x000000001de67800 JavaThread "Stdin handler" [_thread_blocked, id=3388, stack(0x000000001d350000,0x000000001d450000)]
  0x000000001de60000 JavaThread "Asynchronous log dispatcher for DefaultDaemonConnection: socket connection from /127.0.0.1:57946 to /127.0.0.1:58220" [_thread_blocked, id=4768, stack(0x000000001d050000,0x000000001d150000)]
=>0x000000001de67000 JavaThread "Daemon worker Thread 3" [_thread_in_Java, id=1516, stack(0x000000001cf50000,0x000000001d050000)]
  0x000000001de65800 JavaThread "Cancel handler" [_thread_blocked, id=15388, stack(0x0000000000dc0000,0x0000000000ec0000)]
  0x000000001de64800 JavaThread "Handler for socket connection from /127.0.0.1:57946 to /127.0.0.1:58220" [_thread_in_native, id=15348, stack(0x0000000000cc0000,0x0000000000dc0000)]
  0x000000001de66000 JavaThread "Daemon Thread 3" [_thread_blocked, id=7828, stack(0x0000000000bc0000,0x0000000000cc0000)]
  0x000000001de61800 JavaThread "Cache worker for Java compile cache (C:\Users\vasil\.gradle\caches\6.1.1\javaCompile)" [_thread_blocked, id=3208, stack(0x0000000026980000,0x0000000026a80000)]
  0x000000001de64000 JavaThread "RMI Reaper" [_thread_blocked, id=17344, stack(0x0000000026780000,0x0000000026880000)]
  0x000000001de63000 JavaThread "RMI TCP Accept-0" daemon [_thread_in_native, id=16196, stack(0x0000000026680000,0x0000000026780000)]
  0x000000001de61000 JavaThread "GC Daemon" daemon [_thread_blocked, id=15368, stack(0x0000000026580000,0x0000000026680000)]
  0x000000001e133800 JavaThread "RMI Scheduler(0)" daemon [_thread_blocked, id=18080, stack(0x0000000025d50000,0x0000000025e50000)]
  0x000000001e12d800 JavaThread "Cache worker for file content cache (C:\Users\vasil\.gradle\caches\6.1.1\fileContent)" [_thread_blocked, id=16700, stack(0x0000000024020000,0x0000000024120000)]
  0x000000001e12f800 JavaThread "Memory manager" [_thread_blocked, id=18672, stack(0x0000000023d20000,0x0000000023e20000)]
  0x000000001b93f000 JavaThread "Cache worker for execution history cache (C:\Users\vasil\.gradle\caches\6.1.1\executionHistory)" [_thread_blocked, id=1812, stack(0x0000000020750000,0x0000000020850000)]
  0x000000001b93c000 JavaThread "Cache worker for file hash cache (C:\Users\vasil\.gradle\caches\6.1.1\fileHashes)" [_thread_blocked, id=11468, stack(0x000000001dc50000,0x000000001dd50000)]
  0x000000001b93d000 JavaThread "File lock request listener" [_thread_in_native, id=18276, stack(0x000000001db50000,0x000000001dc50000)]
  0x000000001b8ec000 JavaThread "Cache worker for journal cache (C:\Users\vasil\.gradle\caches\journal-1)" [_thread_blocked, id=18724, stack(0x000000001da50000,0x000000001db50000)]
  0x000000001b874000 JavaThread "Daemon periodic checks" [_thread_blocked, id=1972, stack(0x000000001ce50000,0x000000001cf50000)]
  0x000000001b881800 JavaThread "Incoming local TCP Connector on port 57946" [_thread_in_native, id=3864, stack(0x000000001cc00000,0x000000001cd00000)]
  0x000000001b730000 JavaThread "Daemon health stats" [_thread_blocked, id=6280, stack(0x000000001c5c0000,0x000000001c6c0000)]
  0x0000000019894000 JavaThread "Service Thread" daemon [_thread_blocked, id=1776, stack(0x0000000019c20000,0x0000000019d20000)]
  0x00000000178b3000 JavaThread "C1 CompilerThread2" daemon [_thread_blocked, id=5396, stack(0x0000000019720000,0x0000000019820000)]
  0x00000000178b2000 JavaThread "C2 CompilerThread1" daemon [_thread_in_native, id=19772, stack(0x0000000019620000,0x0000000019720000)]
  0x00000000178b0000 JavaThread "C2 CompilerThread0" daemon [_thread_in_native, id=8672, stack(0x0000000019520000,0x0000000019620000)]
  0x00000000178ac000 JavaThread "Attach Listener" daemon [_thread_blocked, id=15540, stack(0x0000000019420000,0x0000000019520000)]
  0x00000000178a9000 JavaThread "Signal Dispatcher" daemon [_thread_blocked, id=3356, stack(0x0000000019320000,0x0000000019420000)]
  0x0000000002a3c000 JavaThread "Finalizer" daemon [_thread_blocked, id=7612, stack(0x0000000019110000,0x0000000019210000)]
  0x000000001788b800 JavaThread "Reference Handler" daemon [_thread_blocked, id=9208, stack(0x0000000019010000,0x0000000019110000)]
  0x00000000027ee000 JavaThread "main" [_thread_blocked, id=6056, stack(0x0000000002840000,0x0000000002940000)]

Other Threads:
  0x0000000017867000 VMThread [stack: 0x0000000018f10000,0x0000000019010000] [id=16832]
  0x0000000019897000 WatcherThread [stack: 0x0000000019d20000,0x0000000019e20000] [id=17796]

VM state:not at safepoint (normal execution)

VM Mutex/Monitor currently owned by a thread: None

heap address: 0x0000000080000000, size: 2048 MB, Compressed Oops mode: 32-bit
Narrow klass base: 0x0000000000000000, Narrow klass shift: 3
Compressed class space size: 1073741824 Address: 0x0000000100000000

Heap:
 PSYoungGen      total 454144K, used 336555K [0x00000000d5580000, 0x00000000f3700000, 0x0000000100000000)
  eden space 422400K, 72% used [0x00000000d5580000,0x00000000e81a60f8,0x00000000ef200000)
  from space 31744K, 91% used [0x00000000f1700000,0x00000000f3384b90,0x00000000f3600000)
  to   space 35328K, 0% used [0x00000000ef200000,0x00000000ef200000,0x00000000f1480000)
 ParOldGen       total 193536K, used 46551K [0x0000000080000000, 0x000000008bd00000, 0x00000000d5580000)
  object space 193536K, 24% used [0x0000000080000000,0x0000000082d75f70,0x000000008bd00000)
 Metaspace       used 89343K, capacity 94536K, committed 94744K, reserved 1130496K
  class space    used 12103K, capacity 13057K, committed 13104K, reserved 1048576K

Card table byte_map: [0x0000000011e00000,0x0000000012210000] byte_map_base: 0x0000000011a00000

Marking Bits: (ParMarkBitMap*) 0x000000005757f030
 Begin Bits: [0x0000000012ac0000, 0x0000000014ac0000)
 End Bits:   [0x0000000014ac0000, 0x0000000016ac0000)

Polling page: 0x0000000000f20000

CodeCache: size=245760Kb used=37985Kb max_used=37992Kb free=207774Kb
 bounds [0x0000000002a40000, 0x0000000004f90000, 0x0000000011a40000]
 total_blobs=13329 nmethods=12437 adapters=804
 compilation: enabled

Compilation events (10 events):
Event: 198.295 Thread 0x00000000178b2000 14393       4       java.nio.file.attribute.FileTime::toMillis (98 bytes)
Event: 198.296 Thread 0x00000000178b2000 nmethod 14393 0x0000000004f6b390 code [0x0000000004f6b4e0, 0x0000000004f6b598]
Event: 198.296 Thread 0x00000000178b2000 14395   !   4       org.gradle.cache.internal.LockOnDemandCrossProcessCacheAccess::withFileLock (24 bytes)
Event: 198.296 Thread 0x00000000178b3000 14406       3       com.google.common.cache.LocalCache::refreshes (15 bytes)
Event: 198.296 Thread 0x00000000178b3000 nmethod 14406 0x0000000004f6b010 code [0x0000000004f6b160, 0x0000000004f6b310]
Event: 198.298 Thread 0x00000000178b3000 14407       3       com.google.common.cache.LocalCache::recordsAccess (5 bytes)
Event: 198.298 Thread 0x00000000178b3000 nmethod 14407 0x0000000004f69a10 code [0x0000000004f69b80, 0x0000000004f69db0]
Event: 198.304 Thread 0x00000000178b3000 14410       3       org.gradle.api.internal.artifacts.ivyservice.resolveengine.graph.builder.ResolveState$$Lambda$92/123769036::apply (12 bytes)
Event: 198.305 Thread 0x00000000178b3000 nmethod 14410 0x0000000004f68e10 code [0x0000000004f68fe0, 0x0000000004f696e8]
Event: 198.305 Thread 0x00000000178b3000 14411       3       org.gradle.api.internal.artifacts.ivyservice.resolveengine.graph.builder.ResolveState::lambda$resolveVersionConstraint$3 (13 bytes)

GC Heap History (10 events):
Event: 3.524 GC heap before
{Heap before GC invocations=9 (full 2):
 PSYoungGen      total 239616K, used 225792K [0x00000000d5580000, 0x00000000e4f00000, 0x0000000100000000)
  eden space 225792K, 100% used [0x00000000d5580000,0x00000000e3200000,0x00000000e3200000)
  from space 13824K, 0% used [0x00000000e4180000,0x00000000e4180000,0x00000000e4f00000)
  to   space 14848K, 0% used [0x00000000e3200000,0x00000000e3200000,0x00000000e4080000)
 ParOldGen       total 133120K, used 16079K [0x0000000080000000, 0x0000000088200000, 0x00000000d5580000)
  object space 133120K, 12% used [0x0000000080000000,0x0000000080fb3f10,0x0000000088200000)
 Metaspace       used 52527K, capacity 54368K, committed 54568K, reserved 1095680K
  class space    used 7016K, capacity 7433K, committed 7472K, reserved 1048576K
Event: 3.537 GC heap after
Heap after GC invocations=9 (full 2):
 PSYoungGen      total 240640K, used 14825K [0x00000000d5580000, 0x00000000eda00000, 0x0000000100000000)
  eden space 225792K, 0% used [0x00000000d5580000,0x00000000d5580000,0x00000000e3200000)
  from space 14848K, 99% used [0x00000000e3200000,0x00000000e407a6b8,0x00000000e4080000)
  to   space 22528K, 0% used [0x00000000ec400000,0x00000000ec400000,0x00000000eda00000)
 ParOldGen       total 133120K, used 27060K [0x0000000080000000, 0x0000000088200000, 0x00000000d5580000)
  object space 133120K, 20% used [0x0000000080000000,0x0000000081a6d3a8,0x0000000088200000)
 Metaspace       used 52527K, capacity 54368K, committed 54568K, reserved 1095680K
  class space    used 7016K, capacity 7433K, committed 7472K, reserved 1048576K
}
Event: 3.883 GC heap before
{Heap before GC invocations=10 (full 2):
 PSYoungGen      total 240640K, used 67772K [0x00000000d5580000, 0x00000000eda00000, 0x0000000100000000)
  eden space 225792K, 23% used [0x00000000d5580000,0x00000000d8934af8,0x00000000e3200000)
  from space 14848K, 99% used [0x00000000e3200000,0x00000000e407a6b8,0x00000000e4080000)
  to   space 22528K, 0% used [0x00000000ec400000,0x00000000ec400000,0x00000000eda00000)
 ParOldGen       total 133120K, used 27060K [0x0000000080000000, 0x0000000088200000, 0x00000000d5580000)
  object space 133120K, 20% used [0x0000000080000000,0x0000000081a6d3a8,0x0000000088200000)
 Metaspace       used 57041K, capacity 59096K, committed 59160K, reserved 1099776K
  class space    used 7714K, capacity 8187K, committed 8240K, reserved 1048576K
Event: 3.892 GC heap after
Heap after GC invocations=10 (full 2):
 PSYoungGen      total 373248K, used 19623K [0x00000000d5580000, 0x00000000edd80000, 0x0000000100000000)
  eden space 350720K, 0% used [0x00000000d5580000,0x00000000d5580000,0x00000000eac00000)
  from space 22528K, 87% used [0x00000000ec400000,0x00000000ed729d88,0x00000000eda00000)
  to   space 24576K, 0% used [0x00000000eac00000,0x00000000eac00000,0x00000000ec400000)
 ParOldGen       total 133120K, used 27068K [0x0000000080000000, 0x0000000088200000, 0x00000000d5580000)
  object space 133120K, 20% used [0x0000000080000000,0x0000000081a6f3a8,0x0000000088200000)
 Metaspace       used 57041K, capacity 59096K, committed 59160K, reserved 1099776K
  class space    used 7714K, capacity 8187K, committed 8240K, reserved 1048576K
}
Event: 3.892 GC heap before
{Heap before GC invocations=11 (full 3):
 PSYoungGen      total 373248K, used 19623K [0x00000000d5580000, 0x00000000edd80000, 0x0000000100000000)
  eden space 350720K, 0% used [0x00000000d5580000,0x00000000d5580000,0x00000000eac00000)
  from space 22528K, 87% used [0x00000000ec400000,0x00000000ed729d88,0x00000000eda00000)
  to   space 24576K, 0% used [0x00000000eac00000,0x00000000eac00000,0x00000000ec400000)
 ParOldGen       total 133120K, used 27068K [0x0000000080000000, 0x0000000088200000, 0x00000000d5580000)
  object space 133120K, 20% used [0x0000000080000000,0x0000000081a6f3a8,0x0000000088200000)
 Metaspace       used 57041K, capacity 59096K, committed 59160K, reserved 1099776K
  class space    used 7714K, capacity 8187K, committed 8240K, reserved 1048576K
Event: 4.011 GC heap after
Heap after GC invocations=11 (full 3):
 PSYoungGen      total 373248K, used 0K [0x00000000d5580000, 0x00000000edd80000, 0x0000000100000000)
  eden space 350720K, 0% used [0x00000000d5580000,0x00000000d5580000,0x00000000eac00000)
  from space 22528K, 0% used [0x00000000ec400000,0x00000000ec400000,0x00000000eda00000)
  to   space 24576K, 0% used [0x00000000eac00000,0x00000000eac00000,0x00000000ec400000)
 ParOldGen       total 193536K, used 32310K [0x0000000080000000, 0x000000008bd00000, 0x00000000d5580000)
  object space 193536K, 16% used [0x0000000080000000,0x0000000081f8daf0,0x000000008bd00000)
 Metaspace       used 57015K, capacity 59006K, committed 59160K, reserved 1099776K
  class space    used 7706K, capacity 8172K, committed 8240K, reserved 1048576K
}
Event: 10.005 GC heap before
{Heap before GC invocations=12 (full 3):
 PSYoungGen      total 373248K, used 350720K [0x00000000d5580000, 0x00000000edd80000, 0x0000000100000000)
  eden space 350720K, 100% used [0x00000000d5580000,0x00000000eac00000,0x00000000eac00000)
  from space 22528K, 0% used [0x00000000ec400000,0x00000000ec400000,0x00000000eda00000)
  to   space 24576K, 0% used [0x00000000eac00000,0x00000000eac00000,0x00000000ec400000)
 ParOldGen       total 193536K, used 32310K [0x0000000080000000, 0x000000008bd00000, 0x00000000d5580000)
  object space 193536K, 16% used [0x0000000080000000,0x0000000081f8daf0,0x000000008bd00000)
 Metaspace       used 76023K, capacity 79762K, committed 79896K, reserved 1118208K
  class space    used 10581K, capacity 11304K, committed 11312K, reserved 1048576K
Event: 10.022 GC heap after
Heap after GC invocations=12 (full 3):
 PSYoungGen      total 375296K, used 24571K [0x00000000d5580000, 0x00000000f3600000, 0x0000000100000000)
  eden space 350720K, 0% used [0x00000000d5580000,0x00000000d5580000,0x00000000eac00000)
  from space 24576K, 99% used [0x00000000eac00000,0x00000000ec3fecf0,0x00000000ec400000)
  to   space 31744K, 0% used [0x00000000f1700000,0x00000000f1700000,0x00000000f3600000)
 ParOldGen       total 193536K, used 41564K [0x0000000080000000, 0x000000008bd00000, 0x00000000d5580000)
  object space 193536K, 21% used [0x0000000080000000,0x0000000082897340,0x000000008bd00000)
 Metaspace       used 76023K, capacity 79762K, committed 79896K, reserved 1118208K
  class space    used 10581K, capacity 11304K, committed 11312K, reserved 1048576K
}
Event: 11.857 GC heap before
{Heap before GC invocations=13 (full 3):
 PSYoungGen      total 375296K, used 375291K [0x00000000d5580000, 0x00000000f3600000, 0x0000000100000000)
  eden space 350720K, 100% used [0x00000000d5580000,0x00000000eac00000,0x00000000eac00000)
  from space 24576K, 99% used [0x00000000eac00000,0x00000000ec3fecf0,0x00000000ec400000)
  to   space 31744K, 0% used [0x00000000f1700000,0x00000000f1700000,0x00000000f3600000)
 ParOldGen       total 193536K, used 41564K [0x0000000080000000, 0x000000008bd00000, 0x00000000d5580000)
  object space 193536K, 21% used [0x0000000080000000,0x0000000082897340,0x000000008bd00000)
 Metaspace       used 86251K, capacity 90946K, committed 91160K, reserved 1128448K
  class space    used 11923K, capacity 12792K, committed 12848K, reserved 1048576K
Event: 11.879 GC heap after
Heap after GC invocations=13 (full 3):
 PSYoungGen      total 454144K, used 29202K [0x00000000d5580000, 0x00000000f3700000, 0x0000000100000000)
  eden space 422400K, 0% used [0x00000000d5580000,0x00000000d5580000,0x00000000ef200000)
  from space 31744K, 91% used [0x00000000f1700000,0x00000000f3384b90,0x00000000f3600000)
  to   space 35328K, 0% used [0x00000000ef200000,0x00000000ef200000,0x00000000f1480000)
 ParOldGen       total 193536K, used 46551K [0x0000000080000000, 0x000000008bd00000, 0x00000000d5580000)
  object space 193536K, 24% used [0x0000000080000000,0x0000000082d75f70,0x000000008bd00000)
 Metaspace       used 86251K, capacity 90946K, committed 91160K, reserved 1128448K
  class space    used 11923K, capacity 12792K, committed 12848K, reserved 1048576K
}

Deoptimization events (10 events):
Event: 106.553 Thread 0x000000001de64800 Uncommon trap: reason=class_check action=maybe_recompile pc=0x00000000040faf78 method=java.util.concurrent.locks.AbstractQueuedSynchronizer.doAcquireInterruptibly(I)V @ 27
Event: 106.585 Thread 0x000000001e125000 Uncommon trap: reason=null_check action=make_not_entrant pc=0x00000000030ec530 method=org.gradle.api.internal.collections.CollectionFilter.filter(Ljava/lang/Object;)Ljava/lang/Object; @ 5
Event: 106.709 Thread 0x000000001de6e800 Uncommon trap: reason=unstable_if action=reinterpret pc=0x0000000004adfabc method=java.util.concurrent.ConcurrentLinkedQueue.offer(Ljava/lang/Object;)Z @ 40
Event: 106.751 Thread 0x000000001de69000 Uncommon trap: reason=unstable_if action=reinterpret pc=0x0000000004141b44 method=java.util.concurrent.ConcurrentHashMap.putVal(Ljava/lang/Object;Ljava/lang/Object;Z)Ljava/lang/Object; @ 147
Event: 106.835 Thread 0x000000001de6a000 Uncommon trap: reason=unstable_if action=reinterpret pc=0x0000000003913504 method=com.sun.org.apache.xerces.internal.dom.DeferredDocumentImpl.getChunkIndex([[III)I @ 3
Event: 106.841 Thread 0x000000001de6a000 Uncommon trap: reason=array_check action=maybe_recompile pc=0x0000000004a08eac method=java.util.TimSort.reverseRange([Ljava/lang/Object;II)V @ 27
Event: 106.842 Thread 0x000000001de6a000 Uncommon trap: reason=array_check action=maybe_recompile pc=0x0000000004a08eac method=java.util.TimSort.reverseRange([Ljava/lang/Object;II)V @ 27
Event: 106.888 Thread 0x000000001e125000 Uncommon trap: reason=unstable_if action=reinterpret pc=0x00000000048f4c48 method=java.util.concurrent.ConcurrentLinkedQueue.offer(Ljava/lang/Object;)Z @ 40
Event: 198.043 Thread 0x000000001de64800 Uncommon trap: reason=class_check action=maybe_recompile pc=0x00000000036b9494 method=java.lang.reflect.Array.newInstance(Ljava/lang/Class;I)Ljava/lang/Object; @ 2
Event: 198.243 Thread 0x000000001de67000 Uncommon trap: reason=unstable_if action=reinterpret pc=0x0000000004ab662c method=org.gradle.internal.snapshot.VfsRelativePath.lengthOfCommonPrefix(Ljava/lang/String;Lorg/gradle/internal/snapshot/CaseSensitivity;)I @ 165

Classes redefined (0 events):
No events

Internal exceptions (10 events):
Event: 106.818 Thread 0x000000001de6a000 Exception <a 'sun/nio/fs/WindowsException'> (0x00000000e241e160) thrown at [C:\src\AOSP-openjdk-git\hotspot\src\share\vm\prims\jni.cpp, line 710]
Event: 106.818 Thread 0x000000001de6a000 Exception <a 'sun/nio/fs/WindowsException'> (0x00000000e241ee38) thrown at [C:\src\AOSP-openjdk-git\hotspot\src\share\vm\prims\jni.cpp, line 710]
Event: 106.818 Thread 0x000000001de6a000 Exception <a 'sun/nio/fs/WindowsException'> (0x00000000e241fb80) thrown at [C:\src\AOSP-openjdk-git\hotspot\src\share\vm\prims\jni.cpp, line 710]
Event: 106.835 Thread 0x000000001de6a000 Implicit null exception at 0x000000000391349a to 0x00000000039134ed
Event: 106.841 Thread 0x000000001de6a000 Exception <a 'java/lang/NoSuchMethodError': <clinit>> (0x00000000e2827ea8) thrown at [C:\src\AOSP-openjdk-git\hotspot\src\share\vm\prims\jni.cpp, line 1615]
Event: 106.841 Thread 0x000000001de6a000 Exception <a 'java/lang/NoSuchMethodError': <clinit>> (0x00000000e2846020) thrown at [C:\src\AOSP-openjdk-git\hotspot\src\share\vm\prims\jni.cpp, line 1615]
Event: 106.842 Thread 0x000000001de6a000 Exception <a 'java/lang/NoSuchMethodError': <clinit>> (0x00000000e2849fd8) thrown at [C:\src\AOSP-openjdk-git\hotspot\src\share\vm\prims\jni.cpp, line 1615]
Event: 106.842 Thread 0x000000001de6a000 Exception <a 'java/lang/NoSuchMethodError': <clinit>> (0x00000000e2867b18) thrown at [C:\src\AOSP-openjdk-git\hotspot\src\share\vm\prims\jni.cpp, line 1615]
Event: 106.844 Thread 0x000000001de6c000 Exception <a 'sun/nio/fs/WindowsException'> (0x00000000e28fd1b8) thrown at [C:\src\AOSP-openjdk-git\hotspot\src\share\vm\prims\jni.cpp, line 710]
Event: 106.991 Thread 0x000000001e125000 Exception <a 'sun/nio/fs/WindowsException'> (0x00000000e3ead0c0) thrown at [C:\src\AOSP-openjdk-git\hotspot\src\share\vm\prims\jni.cpp, line 710]

Events (10 events):
Event: 198.284 Executing VM operation: RevokeBias
Event: 198.284 Executing VM operation: RevokeBias done
Event: 198.284 Executing VM operation: RevokeBias
Event: 198.285 Executing VM operation: RevokeBias done
Event: 198.285 Executing VM operation: RevokeBias
Event: 198.285 Executing VM operation: RevokeBias done
Event: 198.285 Executing VM operation: RevokeBias
Event: 198.285 Executing VM operation: RevokeBias done
Event: 198.287 Executing VM operation: RevokeBias
Event: 198.287 Executing VM operation: RevokeBias done


Dynamic libraries:
0x00007ff709dd0000 - 0x00007ff709e01000 	C:\Users\vasil\AppData\Local\JetBrains\Toolbox\apps\AndroidStudio\ch-0\193.6626763\jre\bin\java.exe
0x00007ffe0ec90000 - 0x00007ffe0ee86000 	C:\Windows\SYSTEM32\ntdll.dll
0x00007ffe0d760000 - 0x00007ffe0d81d000 	C:\Windows\System32\KERNEL32.DLL
0x00007ffe0c6a0000 - 0x00007ffe0c968000 	C:\Windows\System32\KERNELBASE.dll
0x00007ffe0d610000 - 0x00007ffe0d6bc000 	C:\Windows\System32\ADVAPI32.dll
0x00007ffe0eb80000 - 0x00007ffe0ec1e000 	C:\Windows\System32\msvcrt.dll
0x00007ffe0d6c0000 - 0x00007ffe0d75b000 	C:\Windows\System32\sechost.dll
0x00007ffe0da60000 - 0x00007ffe0db84000 	C:\Windows\System32\RPCRT4.dll
0x00007ffe0d820000 - 0x00007ffe0d9c0000 	C:\Windows\System32\USER32.dll
0x00007ffe0c480000 - 0x00007ffe0c4a2000 	C:\Windows\System32\win32u.dll
0x00007ffe0db90000 - 0x00007ffe0dbba000 	C:\Windows\System32\GDI32.dll
0x00007ffe0c4b0000 - 0x00007ffe0c5b9000 	C:\Windows\System32\gdi32full.dll
0x00007ffe0cc20000 - 0x00007ffe0ccbd000 	C:\Windows\System32\msvcp_win.dll
0x00007ffe0c970000 - 0x00007ffe0ca70000 	C:\Windows\System32\ucrtbase.dll
0x00007ffe026a0000 - 0x00007ffe0293b000 	C:\Windows\WinSxS\amd64_microsoft.windows.common-controls_6595b64144ccf1df_6.0.19041.488_none_ca04af081b815d21\COMCTL32.dll
0x00007ffe0e0a0000 - 0x00007ffe0e0d0000 	C:\Windows\System32\IMM32.DLL
0x00000000579e0000 - 0x0000000057ab2000 	C:\Users\vasil\AppData\Local\JetBrains\Toolbox\apps\AndroidStudio\ch-0\193.6626763\jre\jre\bin\msvcr100.dll
0x0000000056db0000 - 0x00000000575fb000 	C:\Users\vasil\AppData\Local\JetBrains\Toolbox\apps\AndroidStudio\ch-0\193.6626763\jre\jre\bin\server\jvm.dll
0x00007ffe0d9c0000 - 0x00007ffe0d9c8000 	C:\Windows\System32\PSAPI.DLL
0x00007ffdf1c70000 - 0x00007ffdf1c79000 	C:\Windows\SYSTEM32\WSOCK32.dll
0x00007ffe04910000 - 0x00007ffe04937000 	C:\Windows\SYSTEM32\WINMM.dll
0x00007ffe06ae0000 - 0x00007ffe06aea000 	C:\Windows\SYSTEM32\VERSION.dll
0x00007ffe0dbc0000 - 0x00007ffe0dc2b000 	C:\Windows\System32\WS2_32.dll
0x00007ffe08150000 - 0x00007ffe0815f000 	C:\Users\vasil\AppData\Local\JetBrains\Toolbox\apps\AndroidStudio\ch-0\193.6626763\jre\jre\bin\verify.dll
0x00007ffe08120000 - 0x00007ffe08149000 	C:\Users\vasil\AppData\Local\JetBrains\Toolbox\apps\AndroidStudio\ch-0\193.6626763\jre\jre\bin\java.dll
0x00007ffe08100000 - 0x00007ffe08116000 	C:\Users\vasil\AppData\Local\JetBrains\Toolbox\apps\AndroidStudio\ch-0\193.6626763\jre\jre\bin\zip.dll
0x00007ffe0ccc0000 - 0x00007ffe0d401000 	C:\Windows\System32\SHELL32.dll
0x00007ffe0a510000 - 0x00007ffe0aca5000 	C:\Windows\SYSTEM32\windows.storage.dll
0x00007ffe0e0d0000 - 0x00007ffe0e425000 	C:\Windows\System32\combase.dll
0x00007ffe0be10000 - 0x00007ffe0be3c000 	C:\Windows\SYSTEM32\Wldp.dll
0x00007ffe0ea40000 - 0x00007ffe0eaee000 	C:\Windows\System32\SHCORE.dll
0x00007ffe0dce0000 - 0x00007ffe0dd35000 	C:\Windows\System32\shlwapi.dll
0x00007ffe0c2d0000 - 0x00007ffe0c2f6000 	C:\Windows\SYSTEM32\profapi.dll
0x00007ffe080b0000 - 0x00007ffe080ca000 	C:\Users\vasil\AppData\Local\JetBrains\Toolbox\apps\AndroidStudio\ch-0\193.6626763\jre\jre\bin\net.dll
0x00007ffe0bb90000 - 0x00007ffe0bbfa000 	C:\Windows\system32\mswsock.dll
0x00007ffe08070000 - 0x00007ffe08083000 	C:\Users\vasil\AppData\Local\JetBrains\Toolbox\apps\AndroidStudio\ch-0\193.6626763\jre\jre\bin\nio.dll
0x00007ffdebf90000 - 0x00007ffdebfb6000 	C:\Users\vasil\.gradle\native\31\windows-amd64\native-platform.dll
0x00007ffe08050000 - 0x00007ffe0805d000 	C:\Users\vasil\AppData\Local\JetBrains\Toolbox\apps\AndroidStudio\ch-0\193.6626763\jre\jre\bin\management.dll
0x00007ffe0bd70000 - 0x00007ffe0bd88000 	C:\Windows\SYSTEM32\CRYPTSP.dll
0x00007ffe0b4b0000 - 0x00007ffe0b4e4000 	C:\Windows\system32\rsaenh.dll
0x00007ffe0c670000 - 0x00007ffe0c697000 	C:\Windows\System32\bcrypt.dll
0x00007ffe0c290000 - 0x00007ffe0c2be000 	C:\Windows\SYSTEM32\USERENV.dll
0x00007ffe0c400000 - 0x00007ffe0c47f000 	C:\Windows\System32\bcryptprimitives.dll
0x00007ffe0bd60000 - 0x00007ffe0bd6c000 	C:\Windows\SYSTEM32\CRYPTBASE.dll
0x00007ffe0b830000 - 0x00007ffe0b86b000 	C:\Windows\SYSTEM32\IPHLPAPI.DLL
0x00007ffe0eaf0000 - 0x00007ffe0eaf8000 	C:\Windows\System32\NSI.dll
0x00007ffe05670000 - 0x00007ffe05687000 	C:\Windows\SYSTEM32\dhcpcsvc6.DLL
0x00007ffe05650000 - 0x00007ffe0566d000 	C:\Windows\SYSTEM32\dhcpcsvc.DLL
0x00007ffe0b870000 - 0x00007ffe0b93b000 	C:\Windows\SYSTEM32\DNSAPI.dll
0x00007ffdf34f0000 - 0x00007ffdf350e000 	C:\Users\vasil\AppData\Local\Temp\native-platform5189626745979364437dir\native-platform.dll
0x00007ffe0b0e0000 - 0x00007ffe0b113000 	C:\Windows\SYSTEM32\ntmarta.dll

VM Arguments:
jvm_args: -Xmx2048m -Dfile.encoding=windows-1251 -Duser.country=RU -Duser.language=ru -Duser.variant 
java_command: org.gradle.launcher.daemon.bootstrap.GradleDaemon 6.1.1
java_class_path (initial): C:\Users\vasil\.gradle\wrapper\dists\gradle-6.1.1-all\cfmwm155h49vnt3hynmlrsdst\gradle-6.1.1\lib\gradle-launcher-6.1.1.jar
Launcher Type: SUN_STANDARD

Environment Variables:
PATH=C:\Program Files (x86)\Common Files\Intel\Shared Libraries\redist\intel64\compiler;C:\Program Files (x86)\Common Files\Oracle\Java\javapath;C:\Windows\system32;C:\Windows;C:\Windows\System32\Wbem;C:\Windows\System32\WindowsPowerShell\v1.0\;C:\Windows\System32\OpenSSH\;C:\Program Files\nodejs\;C:\Program Files\Git\cmd;C:\Users\vasil\AppData\Local\Microsoft\WindowsApps;C:\Users\vasil\AppData\Local\Programs\Microsoft VS Code\bin;C:\Users\vasil\AppData\Roaming\npm;C:\OpenServer\modules\php\PHP_7.1;
USERNAME=vasil
OS=Windows_NT
PROCESSOR_IDENTIFIER=AMD64 Family 23 Model 113 Stepping 0, AuthenticAMD



---------------  S Y S T E M  ---------------

OS: Windows 10.0 , 64 bit Build 19041 (10.0.19041.546)

CPU:total 6 (initial active 6) (6 cores per cpu, 1 threads per core) family 23 model 113 stepping 0, cmov, cx8, fxsr, mmx, sse, sse2, sse3, ssse3, sse4.1, sse4.2, popcnt, avx, avx2, aes, clmul, mmxext, 3dnowpref, lzcnt, sse4a, tsc, tscinvbit, tscinv, bmi1

Memory: 4k page, physical 16706936k(5989716k free), swap 28586400k(6375136k free)

vm_info: OpenJDK 64-Bit Server VM (25.242-b01) for windows-amd64 JRE (1.8.0_242-release-1644-b01), built by "builder" with MS VC++ 10.0 (VS2010)

time: Thu Nov 26 20:30:06 2020
timezone: RTZ 2 (зима)
elapsed time: 198 seconds (0d 0h 3m 18s)

